AaharApp/build/app/outputs/mapping/release/mapping.txt
# compiler: R8
# compiler_version: 2.0.88
# min_api: 16
# pg_map_id: 61187dd
# common_typos_disable
...
io.flutter.app.FlutterActivity -> io.flutter.app.a:
    io.flutter.app.FlutterActivityEvents eventDelegate -> b
    io.flutter.app.FlutterActivityDelegate delegate -> a
    io.flutter.plugin.common.PluginRegistry pluginRegistry -> c
    boolean hasPlugin(java.lang.String) -> a
    io.flutter.view.FlutterView createFlutterView(android.content.Context) -> b
    io.flutter.plugin.common.PluginRegistry$Registrar registrarFor(java.lang.String) -> c
    boolean retainFlutterNativeView() -> e
    io.flutter.view.FlutterNativeView createFlutterNativeView() -> f
io.flutter.app.FlutterActivityDelegate -> io.flutter.app.b:
    io.flutter.view.FlutterView flutterView -> c
    io.flutter.app.FlutterActivityDelegate$ViewFactory viewFactory -> b
    android.view.WindowManager$LayoutParams matchParent -> e
    android.app.Activity activity -> a
    android.view.View launchView -> d
    boolean hasPlugin(java.lang.String) -> a
    boolean onRequestPermissionsResult(int,java.lang.String[],int[]) -> b
    io.flutter.plugin.common.PluginRegistry$Registrar registrarFor(java.lang.String) -> c
    boolean onBackPressed() -> d
    android.view.View access$000(io.flutter.app.FlutterActivityDelegate) -> e
    boolean onActivityResult(int,int,android.content.Intent) -> f
    android.view.View access$002(io.flutter.app.FlutterActivityDelegate,android.view.View) -> g
    io.flutter.view.FlutterView access$100(io.flutter.app.FlutterActivityDelegate) -> h
    void addLaunchView() -> i
    android.view.View createLaunchView() -> j
    java.lang.String[] getArgsFromIntent(android.content.Intent) -> k
    android.graphics.drawable.Drawable getLaunchScreenDrawableFromActivityTheme() -> l
    boolean isDebuggable() -> m
    boolean loadIntent(android.content.Intent) -> n
    void runBundle(java.lang.String) -> o
    java.lang.Boolean showSplashScreenUntilFirstFrame() -> p
io.flutter.app.FlutterActivityDelegate$1 -> io.flutter.app.b$a:
    io.flutter.app.FlutterActivityDelegate this$0 -> a
    void onFirstFrame() -> a
io.flutter.app.FlutterActivityDelegate$1$1 -> io.flutter.app.b$a$a:
    io.flutter.app.FlutterActivityDelegate$1 this$1 -> a
io.flutter.app.FlutterActivityDelegate$ViewFactory -> io.flutter.app.b$b:
    io.flutter.view.FlutterView createFlutterView(android.content.Context) -> b
    boolean retainFlutterNativeView() -> e
    io.flutter.view.FlutterNativeView createFlutterNativeView() -> f
io.flutter.app.FlutterActivityEvents -> io.flutter.app.c:
    boolean onBackPressed() -> d
io.flutter.app.FlutterApplication -> io.flutter.app.FlutterApplication:
    android.app.Activity mCurrentActivity -> a
    android.app.Activity getCurrentActivity() -> a
    void setCurrentActivity(android.app.Activity) -> b