AaharApp/build/app/outputs/mapping/release/usage.txt
androidx.annotation.AnyRes
androidx.customview.R$layout
android.support.v4.app.INotificationSideChannel$Stub
androidx.core.app.JobIntentService$JobServiceEngineImpl
androidx.loader.app.LoaderManagerImpl$LoaderObserver
androidx.lifecycle.LifecycleRegistry$ObserverWithState
androidx.core.app.BundleCompat
androidx.core.graphics.drawable.TintAwareDrawable
androidx.viewpager.widget.ViewPager$SavedState
androidx.annotation.AnimRes
io.flutter.plugins.sharedpreferences.R$integer
androidx.annotation.XmlRes
androidx.loader.content.Loader$OnLoadCanceledListener
androidx.core.app.NavUtils
androidx.loader.content.CursorLoader
androidx.core.graphics.ColorUtils
androidx.lifecycle.ViewModelStore
androidx.core.graphics.TypefaceCompatBaseImpl
androidx.fragment.app.FragmentManager$BackStackEntry
androidx.core.view.ViewCompat$NestedScrollType
io.flutter.embedding.engine.plugins.FlutterPlugin$FlutterAssets
androidx.core.view.DragStartHelper
androidx.lifecycle.Lifecycle$State
androidx.core.content.res.ResourcesCompat
io.flutter.embedding.engine.FlutterShellArgs
androidx.activity.OnBackPressedDispatcher
androidx.annotation.IntDef
androidx.core.os.CancellationSignal$OnCancelListener
androidx.fragment.app.FragmentManagerImpl$1
androidx.loader.R$styleable
androidx.fragment.app.FragmentTransitionImpl
androidx.versionedparcelable.VersionedParcel:
    private void writeCollection(java.util.Collection,int)
    private void writeCollection(java.util.Collection)
    private int getType(java.lang.Object)
    private void writeSerializable(java.io.Serializable)
    private int readExceptionCode()
    private java.lang.Exception readException(int,java.lang.String)
    protected static java.lang.Throwable getRootCause(java.lang.Throwable)
    private java.lang.Exception createException(int,java.lang.String)
    private java.util.Collection readCollection(java.util.Collection)
    protected abstract void writeByteArray(byte[],int,int)
    protected abstract void writeLong(long)
    protected abstract void writeFloat(float)
    protected abstract void writeDouble(double)
    protected abstract void writeStrongBinder(android.os.IBinder)
    protected abstract void writeStrongInterface(android.os.IInterface)
    protected abstract void writeBundle(android.os.Bundle)
    protected abstract long readLong()
    protected abstract float readFloat()
    protected abstract double readDouble()
    protected abstract android.os.IBinder readStrongBinder()
    protected abstract android.os.Bundle readBundle()
    public void writeStrongInterface(android.os.IInterface,int)
    public void writeBundle(android.os.Bundle,int)
    public void writeByteArray(byte[],int,int,int)
    public void writeLong(long,int)
    public void writeFloat(float,int)
    public void writeDouble(double,int)
androidx.core.provider.FontsContractCompat$3
androidx.core.view.ViewCompat$3
androidx.core.view.KeyEventDispatcher
androidx.arch.core.executor.TaskExecutor
androidx.core.net.DatagramSocketWrapper$DatagramSocketImplWrapper
androidx.core.text.TextDirectionHeuristicCompat
androidx.customview.widget.ExploreByTouchHelper$1
androidx.core.graphics.PathSegment
androidx.core.view.NestedScrollingChild3
androidx.core.app.SharedElementCallback
androidx.core.graphics.drawable.IconCompat$IconType
io.flutter.BuildConfig
io.flutter.embedding.engine.systemchannels.RestorationChannel$1
androidx.core.content.res.TypedArrayUtils
androidx.savedstate.SavedStateRegistryOwner
io.flutter.plugins.urllauncher.BuildConfig
android.support.v4.os.IResultReceiver
androidx.fragment.app.FragmentContainer
androidx.core.graphics.drawable.RoundedBitmapDrawable
androidx.fragment.app.FragmentTransitionImpl$2
io.flutter.embedding.android.FlutterFragmentActivity
androidx.core.app.JobIntentService$JobWorkEnqueuer
android.support.v4.os.ResultReceiver
androidx.arch.core.R
androidx.core.graphics.drawable.RoundedBitmapDrawableFactory
androidx.core.content.pm.ShortcutManagerCompat
androidx.lifecycle.LifecycleRegistry